<?xml version="1.0" encoding="UTF-8"?>
<!-- Generated by org.testng.reporters.JUnitXMLReporter -->
<testsuite ignored="0" hostname="Emilianos-Mini.localdomain" failures="0" tests="8" name="TestProject" time="47.096" errors="0" timestamp="2020-10-08T14:41:51 UYT">
  <testcase classname="org.example.LoginPageCases" name="loginWithoutEmailAndPassword" time="3.696"/>
  <testcase classname="org.example.LoginPageCases" name="validateLoginFlow" time="6.633"/>
  <testcase classname="org.example.LoginPageCases" name="loginWithInvalidPassword" time="7.423"/>
  <testcase classname="org.example.LoginPageCases" name="loginWithInvalidEmail" time="7.17"/>
  <testcase classname="org.example.LoginPageCases" name="validateLoginFlow" time="5.024"/>
  <testcase classname="org.example.LoginPageCases" name="loginWithInvalidEmail" time="6.274"/>
  <testcase classname="org.example.LoginPageCases" name="loginWithInvalidEmail" time="6.215"/>
  <testcase classname="org.example.LoginPageCases" name="loginWithInvalidEmail" time="6.141"/>
</testsuite> <!-- TestProject -->
