<?xml version="1.0" encoding="UTF-8"?>
<testng-results ignored="0" total="53" passed="52" failed="1" skipped="0">
  <reporter-output>
  </reporter-output>
  <suite started-at="2020-11-20T13:43:32 UYT" name="TestSuite" finished-at="2020-11-20T14:09:18 UYT" duration-ms="1546167">
    <groups>
    </groups>
    <test started-at="2020-11-20T13:43:32 UYT" name="TestProject" finished-at="2020-11-20T14:09:18 UYT" duration-ms="1546167">
      <class name="org.example.SurveyPageTestCases">
        <test-method is-config="true" signature="setUp()[pri:0, instance:org.example.SurveyPageTestCases@72bd06ca]" started-at="2020-11-20T13:54:14 UYT" name="setUp" finished-at="2020-11-20T13:54:15 UYT" duration-ms="1028" status="PASS">
          <reporter-output>
          </reporter-output>
        </test-method> <!-- setUp -->
        <test-method is-config="true" signature="setUp()[pri:0, instance:org.example.SurveyPageTestCases@72bd06ca]" started-at="2020-11-20T13:54:44 UYT" name="setUp" finished-at="2020-11-20T13:54:45 UYT" duration-ms="971" status="PASS">
          <reporter-output>
          </reporter-output>
        </test-method> <!-- setUp -->
        <test-method signature="addAContactTypeQuestionWithSubtypeEmailWithoutDescription()[pri:0, instance:org.example.SurveyPageTestCases@72bd06ca]" started-at="2020-11-20T13:54:45 UYT" name="addAContactTypeQuestionWithSubtypeEmailWithoutDescription" finished-at="2020-11-20T13:55:12 UYT" duration-ms="26638" status="PASS">
          <reporter-output>
          </reporter-output>
        </test-method> <!-- addAContactTypeQuestionWithSubtypeEmailWithoutDescription -->
        <test-method is-config="true" signature="tearDown()[pri:0, instance:org.example.SurveyPageTestCases@72bd06ca]" started-at="2020-11-20T13:55:12 UYT" name="tearDown" finished-at="2020-11-20T13:55:12 UYT" duration-ms="71" status="PASS">
          <reporter-output>
          </reporter-output>
        </test-method> <!-- tearDown -->
        <test-method is-config="true" signature="setUp()[pri:0, instance:org.example.SurveyPageTestCases@72bd06ca]" started-at="2020-11-20T13:55:12 UYT" name="setUp" finished-at="2020-11-20T13:55:12 UYT" duration-ms="661" status="PASS">
          <reporter-output>
          </reporter-output>
        </test-method> <!-- setUp -->
        <test-method signature="addAContactTypeQuestionWithSubtypeIDWithDescription()[pri:0, instance:org.example.SurveyPageTestCases@72bd06ca]" started-at="2020-11-20T13:55:12 UYT" name="addAContactTypeQuestionWithSubtypeIDWithDescription" finished-at="2020-11-20T13:55:37 UYT" duration-ms="24838" status="PASS">
          <reporter-output>
          </reporter-output>
        </test-method> <!-- addAContactTypeQuestionWithSubtypeIDWithDescription -->
        <test-method is-config="true" signature="tearDown()[pri:0, instance:org.example.SurveyPageTestCases@72bd06ca]" started-at="2020-11-20T13:55:37 UYT" name="tearDown" finished-at="2020-11-20T13:55:37 UYT" duration-ms="69" status="PASS">
          <reporter-output>
          </reporter-output>
        </test-method> <!-- tearDown -->
        <test-method is-config="true" signature="setUp()[pri:0, instance:org.example.SurveyPageTestCases@72bd06ca]" started-at="2020-11-20T13:55:37 UYT" name="setUp" finished-at="2020-11-20T13:55:38 UYT" duration-ms="953" status="PASS">
          <reporter-output>
          </reporter-output>
        </test-method> <!-- setUp -->
        <test-method signature="addAContactTypeQuestionWithSubtypeIDWithoutDescription()[pri:0, instance:org.example.SurveyPageTestCases@72bd06ca]" started-at="2020-11-20T13:55:38 UYT" name="addAContactTypeQuestionWithSubtypeIDWithoutDescription" finished-at="2020-11-20T13:56:05 UYT" duration-ms="26559" status="PASS">
          <reporter-output>
          </reporter-output>
        </test-method> <!-- addAContactTypeQuestionWithSubtypeIDWithoutDescription -->
        <test-method is-config="true" signature="tearDown()[pri:0, instance:org.example.SurveyPageTestCases@72bd06ca]" started-at="2020-11-20T13:56:05 UYT" name="tearDown" finished-at="2020-11-20T13:56:05 UYT" duration-ms="72" status="PASS">
          <reporter-output>
          </reporter-output>
        </test-method> <!-- tearDown -->
        <test-method is-config="true" signature="setUp()[pri:0, instance:org.example.SurveyPageTestCases@72bd06ca]" started-at="2020-11-20T13:56:05 UYT" name="setUp" finished-at="2020-11-20T13:56:06 UYT" duration-ms="740" status="PASS">
          <reporter-output>
          </reporter-output>
        </test-method> <!-- setUp -->
        <test-method signature="addAContactTypeQuestionWithSubtypeMobileNumberWithDescription()[pri:0, instance:org.example.SurveyPageTestCases@72bd06ca]" started-at="2020-11-20T13:56:06 UYT" name="addAContactTypeQuestionWithSubtypeMobileNumberWithDescription" finished-at="2020-11-20T13:56:31 UYT" duration-ms="25195" status="PASS">
          <reporter-output>
          </reporter-output>
        </test-method> <!-- addAContactTypeQuestionWithSubtypeMobileNumberWithDescription -->
        <test-method is-config="true" signature="tearDown()[pri:0, instance:org.example.SurveyPageTestCases@72bd06ca]" started-at="2020-11-20T13:56:31 UYT" name="tearDown" finished-at="2020-11-20T13:56:31 UYT" duration-ms="74" status="PASS">
          <reporter-output>
          </reporter-output>
        </test-method> <!-- tearDown -->
        <test-method is-config="true" signature="setUp()[pri:0, instance:org.example.SurveyPageTestCases@72bd06ca]" started-at="2020-11-20T13:56:31 UYT" name="setUp" finished-at="2020-11-20T13:56:32 UYT" duration-ms="740" status="PASS">
          <reporter-output>
          </reporter-output>
        </test-method> <!-- setUp -->
        <test-method signature="addAContactTypeQuestionWithSubtypeMobileNumberWithoutDescription()[pri:0, instance:org.example.SurveyPageTestCases@72bd06ca]" started-at="2020-11-20T13:56:32 UYT" name="addAContactTypeQuestionWithSubtypeMobileNumberWithoutDescription" finished-at="2020-11-20T13:56:56 UYT" duration-ms="24225" status="PASS">
          <reporter-output>
          </reporter-output>
        </test-method> <!-- addAContactTypeQuestionWithSubtypeMobileNumberWithoutDescription -->
        <test-method is-config="true" signature="tearDown()[pri:0, instance:org.example.SurveyPageTestCases@72bd06ca]" started-at="2020-11-20T13:56:56 UYT" name="tearDown" finished-at="2020-11-20T13:56:56 UYT" duration-ms="71" status="PASS">
          <reporter-output>
          </reporter-output>
        </test-method> <!-- tearDown -->
        <test-method is-config="true" signature="setUp()[pri:0, instance:org.example.SurveyPageTestCases@72bd06ca]" started-at="2020-11-20T13:56:56 UYT" name="setUp" finished-at="2020-11-20T13:56:57 UYT" duration-ms="815" status="PASS">
          <reporter-output>
          </reporter-output>
        </test-method> <!-- setUp -->
        <test-method signature="addATextQuestionToSurvey()[pri:0, instance:org.example.SurveyPageTestCases@72bd06ca]" started-at="2020-11-20T13:56:57 UYT" name="addATextQuestionToSurvey" finished-at="2020-11-20T13:57:21 UYT" duration-ms="24005" status="PASS">
          <reporter-output>
          </reporter-output>
        </test-method> <!-- addATextQuestionToSurvey -->
        <test-method is-config="true" signature="tearDown()[pri:0, instance:org.example.SurveyPageTestCases@72bd06ca]" started-at="2020-11-20T13:57:21 UYT" name="tearDown" finished-at="2020-11-20T13:57:21 UYT" duration-ms="74" status="PASS">
          <reporter-output>
          </reporter-output>
        </test-method> <!-- tearDown -->
        <test-method is-config="true" signature="setUp()[pri:0, instance:org.example.SurveyPageTestCases@72bd06ca]" started-at="2020-11-20T13:57:21 UYT" name="setUp" finished-at="2020-11-20T13:57:22 UYT" duration-ms="745" status="PASS">
          <reporter-output>
          </reporter-output>
        </test-method> <!-- setUp -->
        <test-method signature="addAreaToSurvey()[pri:0, instance:org.example.SurveyPageTestCases@72bd06ca]" started-at="2020-11-20T13:57:22 UYT" name="addAreaToSurvey" finished-at="2020-11-20T13:57:45 UYT" duration-ms="22838" status="PASS">
          <reporter-output>
          </reporter-output>
        </test-method> <!-- addAreaToSurvey -->
        <test-method is-config="true" signature="tearDown()[pri:0, instance:org.example.SurveyPageTestCases@72bd06ca]" started-at="2020-11-20T13:57:45 UYT" name="tearDown" finished-at="2020-11-20T13:57:45 UYT" duration-ms="87" status="PASS">
          <reporter-output>
          </reporter-output>
        </test-method> <!-- tearDown -->
        <test-method is-config="true" signature="setUp()[pri:0, instance:org.example.SurveyPageTestCases@72bd06ca]" started-at="2020-11-20T13:57:45 UYT" name="setUp" finished-at="2020-11-20T13:57:45 UYT" duration-ms="853" status="PASS">
          <reporter-output>
          </reporter-output>
        </test-method> <!-- setUp -->
        <test-method signature="addDescriptionToAnExistentContactTypeQuestion()[pri:0, instance:org.example.SurveyPageTestCases@72bd06ca]" started-at="2020-11-20T13:57:45 UYT" name="addDescriptionToAnExistentContactTypeQuestion" finished-at="2020-11-20T13:58:09 UYT" duration-ms="24035" status="PASS">
          <reporter-output>
          </reporter-output>
        </test-method> <!-- addDescriptionToAnExistentContactTypeQuestion -->
        <test-method is-config="true" signature="tearDown()[pri:0, instance:org.example.SurveyPageTestCases@72bd06ca]" started-at="2020-11-20T13:58:09 UYT" name="tearDown" finished-at="2020-11-20T13:58:10 UYT" duration-ms="76" status="PASS">
          <reporter-output>
          </reporter-output>
        </test-method> <!-- tearDown -->
        <test-method is-config="true" signature="setUp()[pri:0, instance:org.example.SurveyPageTestCases@72bd06ca]" started-at="2020-11-20T13:58:10 UYT" name="setUp" finished-at="2020-11-20T13:58:10 UYT" duration-ms="576" status="PASS">
          <reporter-output>
          </reporter-output>
        </test-method> <!-- setUp -->
        <test-method signature="addFacesQuestionToSurveyWithSatisfactionIndex()[pri:0, instance:org.example.SurveyPageTestCases@72bd06ca]" started-at="2020-11-20T13:58:10 UYT" name="addFacesQuestionToSurveyWithSatisfactionIndex" finished-at="2020-11-20T13:58:34 UYT" duration-ms="23995" status="PASS">
          <reporter-output>
          </reporter-output>
        </test-method> <!-- addFacesQuestionToSurveyWithSatisfactionIndex -->
        <test-method is-config="true" signature="tearDown()[pri:0, instance:org.example.SurveyPageTestCases@72bd06ca]" started-at="2020-11-20T13:58:34 UYT" name="tearDown" finished-at="2020-11-20T13:58:34 UYT" duration-ms="75" status="PASS">
          <reporter-output>
          </reporter-output>
        </test-method> <!-- tearDown -->
        <test-method is-config="true" signature="setUp()[pri:0, instance:org.example.SurveyPageTestCases@72bd06ca]" started-at="2020-11-20T13:58:34 UYT" name="setUp" finished-at="2020-11-20T13:58:35 UYT" duration-ms="775" status="PASS">
          <reporter-output>
          </reporter-output>
        </test-method> <!-- setUp -->
        <test-method signature="addFacesQuestionToSurveyWithSatisfactionIndexAndWithoutText()[pri:0, instance:org.example.SurveyPageTestCases@72bd06ca]" started-at="2020-11-20T13:58:35 UYT" name="addFacesQuestionToSurveyWithSatisfactionIndexAndWithoutText" finished-at="2020-11-20T13:59:02 UYT" duration-ms="27269" status="PASS">
          <reporter-output>
          </reporter-output>
        </test-method> <!-- addFacesQuestionToSurveyWithSatisfactionIndexAndWithoutText -->
        <test-method is-config="true" signature="tearDown()[pri:0, instance:org.example.SurveyPageTestCases@72bd06ca]" started-at="2020-11-20T13:59:02 UYT" name="tearDown" finished-at="2020-11-20T13:59:02 UYT" duration-ms="72" status="PASS">
          <reporter-output>
          </reporter-output>
        </test-method> <!-- tearDown -->
        <test-method is-config="true" signature="setUp()[pri:0, instance:org.example.SurveyPageTestCases@72bd06ca]" started-at="2020-11-20T13:59:02 UYT" name="setUp" finished-at="2020-11-20T13:59:03 UYT" duration-ms="635" status="PASS">
          <reporter-output>
          </reporter-output>
        </test-method> <!-- setUp -->
        <test-method signature="addFacesQuestionToSurveyWithoutSatisfactionIndex()[pri:0, instance:org.example.SurveyPageTestCases@72bd06ca]" started-at="2020-11-20T13:59:03 UYT" name="addFacesQuestionToSurveyWithoutSatisfactionIndex" finished-at="2020-11-20T13:59:27 UYT" duration-ms="24037" status="PASS">
          <reporter-output>
          </reporter-output>
        </test-method> <!-- addFacesQuestionToSurveyWithoutSatisfactionIndex -->
        <test-method is-config="true" signature="tearDown()[pri:0, instance:org.example.SurveyPageTestCases@72bd06ca]" started-at="2020-11-20T13:59:27 UYT" name="tearDown" finished-at="2020-11-20T13:59:27 UYT" duration-ms="74" status="PASS">
          <reporter-output>
          </reporter-output>
        </test-method> <!-- tearDown -->
        <test-method is-config="true" signature="setUp()[pri:0, instance:org.example.SurveyPageTestCases@72bd06ca]" started-at="2020-11-20T13:59:27 UYT" name="setUp" finished-at="2020-11-20T13:59:28 UYT" duration-ms="875" status="PASS">
          <reporter-output>
          </reporter-output>
        </test-method> <!-- setUp -->
        <test-method signature="addFacesQuestionToSurveyWithoutSatisfactionIndexAndText()[pri:0, instance:org.example.SurveyPageTestCases@72bd06ca]" started-at="2020-11-20T13:59:28 UYT" name="addFacesQuestionToSurveyWithoutSatisfactionIndexAndText" finished-at="2020-11-20T13:59:57 UYT" duration-ms="28615" status="PASS">
          <reporter-output>
          </reporter-output>
        </test-method> <!-- addFacesQuestionToSurveyWithoutSatisfactionIndexAndText -->
        <test-method is-config="true" signature="tearDown()[pri:0, instance:org.example.SurveyPageTestCases@72bd06ca]" started-at="2020-11-20T13:59:57 UYT" name="tearDown" finished-at="2020-11-20T13:59:57 UYT" duration-ms="79" status="PASS">
          <reporter-output>
          </reporter-output>
        </test-method> <!-- tearDown -->
        <test-method is-config="true" signature="setUp()[pri:0, instance:org.example.SurveyPageTestCases@72bd06ca]" started-at="2020-11-20T13:59:57 UYT" name="setUp" finished-at="2020-11-20T13:59:57 UYT" duration-ms="650" status="PASS">
          <reporter-output>
          </reporter-output>
        </test-method> <!-- setUp -->
        <test-method signature="addMultipleOptionQuestionToSurveyWithSixOptions()[pri:0, instance:org.example.SurveyPageTestCases@72bd06ca]" started-at="2020-11-20T13:59:57 UYT" name="addMultipleOptionQuestionToSurveyWithSixOptions" finished-at="2020-11-20T14:00:27 UYT" duration-ms="29933" status="PASS">
          <reporter-output>
          </reporter-output>
        </test-method> <!-- addMultipleOptionQuestionToSurveyWithSixOptions -->
        <test-method is-config="true" signature="tearDown()[pri:0, instance:org.example.SurveyPageTestCases@72bd06ca]" started-at="2020-11-20T14:00:27 UYT" name="tearDown" finished-at="2020-11-20T14:00:27 UYT" duration-ms="75" status="PASS">
          <reporter-output>
          </reporter-output>
        </test-method> <!-- tearDown -->
        <test-method is-config="true" signature="setUp()[pri:0, instance:org.example.SurveyPageTestCases@72bd06ca]" started-at="2020-11-20T14:00:27 UYT" name="setUp" finished-at="2020-11-20T14:00:28 UYT" duration-ms="881" status="PASS">
          <reporter-output>
          </reporter-output>
        </test-method> <!-- setUp -->
        <test-method signature="addMultipleOptionQuestionToSurveyWithThreeOptionsOneEmpty()[pri:0, instance:org.example.SurveyPageTestCases@72bd06ca]" started-at="2020-11-20T14:00:28 UYT" name="addMultipleOptionQuestionToSurveyWithThreeOptionsOneEmpty" finished-at="2020-11-20T14:00:54 UYT" duration-ms="25676" status="PASS">
          <reporter-output>
          </reporter-output>
        </test-method> <!-- addMultipleOptionQuestionToSurveyWithThreeOptionsOneEmpty -->
        <test-method is-config="true" signature="tearDown()[pri:0, instance:org.example.SurveyPageTestCases@72bd06ca]" started-at="2020-11-20T14:00:54 UYT" name="tearDown" finished-at="2020-11-20T14:00:54 UYT" duration-ms="72" status="PASS">
          <reporter-output>
          </reporter-output>
        </test-method> <!-- tearDown -->
        <test-method is-config="true" signature="setUp()[pri:0, instance:org.example.SurveyPageTestCases@72bd06ca]" started-at="2020-11-20T14:00:54 UYT" name="setUp" finished-at="2020-11-20T14:00:55 UYT" duration-ms="777" status="PASS">
          <reporter-output>
          </reporter-output>
        </test-method> <!-- setUp -->
        <test-method signature="addMultipleOptionQuestionToSurveyWithTwoEmptyOptions()[pri:0, instance:org.example.SurveyPageTestCases@72bd06ca]" started-at="2020-11-20T14:00:55 UYT" name="addMultipleOptionQuestionToSurveyWithTwoEmptyOptions" finished-at="2020-11-20T14:01:51 UYT" duration-ms="56625" status="PASS">
          <reporter-output>
          </reporter-output>
        </test-method> <!-- addMultipleOptionQuestionToSurveyWithTwoEmptyOptions -->
        <test-method is-config="true" signature="tearDown()[pri:0, instance:org.example.SurveyPageTestCases@72bd06ca]" started-at="2020-11-20T14:01:51 UYT" name="tearDown" finished-at="2020-11-20T14:01:51 UYT" duration-ms="72" status="PASS">
          <reporter-output>
          </reporter-output>
        </test-method> <!-- tearDown -->
        <test-method is-config="true" signature="setUp()[pri:0, instance:org.example.SurveyPageTestCases@72bd06ca]" started-at="2020-11-20T14:01:51 UYT" name="setUp" finished-at="2020-11-20T14:01:52 UYT" duration-ms="631" status="PASS">
          <reporter-output>
          </reporter-output>
        </test-method> <!-- setUp -->
        <test-method signature="addMultipleOptionQuestionToSurveyWithTwoOptions()[pri:0, instance:org.example.SurveyPageTestCases@72bd06ca]" started-at="2020-11-20T14:01:52 UYT" name="addMultipleOptionQuestionToSurveyWithTwoOptions" finished-at="2020-11-20T14:02:19 UYT" duration-ms="27341" status="PASS">
          <reporter-output>
          </reporter-output>
        </test-method> <!-- addMultipleOptionQuestionToSurveyWithTwoOptions -->
        <test-method is-config="true" signature="tearDown()[pri:0, instance:org.example.SurveyPageTestCases@72bd06ca]" started-at="2020-11-20T14:02:19 UYT" name="tearDown" finished-at="2020-11-20T14:02:19 UYT" duration-ms="72" status="PASS">
          <reporter-output>
          </reporter-output>
        </test-method> <!-- tearDown -->
        <test-method is-config="true" signature="setUp()[pri:0, instance:org.example.SurveyPageTestCases@72bd06ca]" started-at="2020-11-20T14:02:19 UYT" name="setUp" finished-at="2020-11-20T14:02:20 UYT" duration-ms="879" status="PASS">
          <reporter-output>
          </reporter-output>
        </test-method> <!-- setUp -->
        <test-method signature="addScaleQuestionToSurvey()[pri:0, instance:org.example.SurveyPageTestCases@72bd06ca]" started-at="2020-11-20T14:02:20 UYT" name="addScaleQuestionToSurvey" finished-at="2020-11-20T14:02:47 UYT" duration-ms="26880" status="PASS">
          <reporter-output>
          </reporter-output>
        </test-method> <!-- addScaleQuestionToSurvey -->
        <test-method is-config="true" signature="tearDown()[pri:0, instance:org.example.SurveyPageTestCases@72bd06ca]" started-at="2020-11-20T14:02:47 UYT" name="tearDown" finished-at="2020-11-20T14:02:47 UYT" duration-ms="76" status="PASS">
          <reporter-output>
          </reporter-output>
        </test-method> <!-- tearDown -->
        <test-method is-config="true" signature="setUp()[pri:0, instance:org.example.SurveyPageTestCases@72bd06ca]" started-at="2020-11-20T14:02:47 UYT" name="setUp" finished-at="2020-11-20T14:02:48 UYT" duration-ms="712" status="PASS">
          <reporter-output>
          </reporter-output>
        </test-method> <!-- setUp -->
        <test-method signature="addScaleQuestionToSurveyWithoutText()[pri:0, instance:org.example.SurveyPageTestCases@72bd06ca]" started-at="2020-11-20T14:02:48 UYT" name="addScaleQuestionToSurveyWithoutText" finished-at="2020-11-20T14:03:13 UYT" duration-ms="24863" status="PASS">
          <reporter-output>
          </reporter-output>
        </test-method> <!-- addScaleQuestionToSurveyWithoutText -->
        <test-method is-config="true" signature="tearDown()[pri:0, instance:org.example.SurveyPageTestCases@72bd06ca]" started-at="2020-11-20T14:03:13 UYT" name="tearDown" finished-at="2020-11-20T14:03:13 UYT" duration-ms="75" status="PASS">
          <reporter-output>
          </reporter-output>
        </test-method> <!-- tearDown -->
        <test-method is-config="true" signature="setUp()[pri:0, instance:org.example.SurveyPageTestCases@72bd06ca]" started-at="2020-11-20T14:03:13 UYT" name="setUp" finished-at="2020-11-20T14:03:14 UYT" duration-ms="1229" status="PASS">
          <reporter-output>
          </reporter-output>
        </test-method> <!-- setUp -->
        <test-method signature="assignAllTheAreasPosiblesInASurvey()[pri:0, instance:org.example.SurveyPageTestCases@72bd06ca]" started-at="2020-11-20T14:03:14 UYT" name="assignAllTheAreasPosiblesInASurvey" finished-at="2020-11-20T14:04:49 UYT" duration-ms="94450" status="PASS">
          <reporter-output>
          </reporter-output>
        </test-method> <!-- assignAllTheAreasPosiblesInASurvey -->
        <test-method is-config="true" signature="tearDown()[pri:0, instance:org.example.SurveyPageTestCases@72bd06ca]" started-at="2020-11-20T14:04:49 UYT" name="tearDown" finished-at="2020-11-20T14:04:49 UYT" duration-ms="72" status="PASS">
          <reporter-output>
          </reporter-output>
        </test-method> <!-- tearDown -->
        <test-method is-config="true" signature="setUp()[pri:0, instance:org.example.SurveyPageTestCases@72bd06ca]" started-at="2020-11-20T14:04:49 UYT" name="setUp" finished-at="2020-11-20T14:04:49 UYT" duration-ms="649" status="PASS">
          <reporter-output>
          </reporter-output>
        </test-method> <!-- setUp -->
        <test-method signature="createASurvey()[pri:0, instance:org.example.SurveyPageTestCases@72bd06ca]" started-at="2020-11-20T14:04:49 UYT" name="createASurvey" finished-at="2020-11-20T14:05:16 UYT" duration-ms="26309" status="PASS">
          <reporter-output>
          </reporter-output>
        </test-method> <!-- createASurvey -->
        <test-method is-config="true" signature="tearDown()[pri:0, instance:org.example.SurveyPageTestCases@72bd06ca]" started-at="2020-11-20T14:05:16 UYT" name="tearDown" finished-at="2020-11-20T14:05:16 UYT" duration-ms="72" status="PASS">
          <reporter-output>
          </reporter-output>
        </test-method> <!-- tearDown -->
        <test-method is-config="true" signature="setUp()[pri:0, instance:org.example.SurveyPageTestCases@72bd06ca]" started-at="2020-11-20T14:05:16 UYT" name="setUp" finished-at="2020-11-20T14:05:16 UYT" duration-ms="573" status="PASS">
          <reporter-output>
          </reporter-output>
        </test-method> <!-- setUp -->
        <test-method signature="createASurveyWithoutName()[pri:0, instance:org.example.SurveyPageTestCases@72bd06ca]" started-at="2020-11-20T14:05:16 UYT" name="createASurveyWithoutName" finished-at="2020-11-20T14:05:37 UYT" duration-ms="20957" status="PASS">
          <reporter-output>
          </reporter-output>
        </test-method> <!-- createASurveyWithoutName -->
        <test-method is-config="true" signature="tearDown()[pri:0, instance:org.example.SurveyPageTestCases@72bd06ca]" started-at="2020-11-20T14:05:37 UYT" name="tearDown" finished-at="2020-11-20T14:05:37 UYT" duration-ms="71" status="PASS">
          <reporter-output>
          </reporter-output>
        </test-method> <!-- tearDown -->
        <test-method is-config="true" signature="setUp()[pri:0, instance:org.example.SurveyPageTestCases@72bd06ca]" started-at="2020-11-20T14:05:37 UYT" name="setUp" finished-at="2020-11-20T14:05:38 UYT" duration-ms="712" status="PASS">
          <reporter-output>
          </reporter-output>
        </test-method> <!-- setUp -->
        <test-method signature="editASurvey()[pri:0, instance:org.example.SurveyPageTestCases@72bd06ca]" started-at="2020-11-20T14:05:38 UYT" name="editASurvey" finished-at="2020-11-20T14:06:09 UYT" duration-ms="30501" status="PASS">
          <reporter-output>
          </reporter-output>
        </test-method> <!-- editASurvey -->
        <test-method is-config="true" signature="tearDown()[pri:0, instance:org.example.SurveyPageTestCases@72bd06ca]" started-at="2020-11-20T14:06:09 UYT" name="tearDown" finished-at="2020-11-20T14:06:09 UYT" duration-ms="74" status="PASS">
          <reporter-output>
          </reporter-output>
        </test-method> <!-- tearDown -->
        <test-method is-config="true" signature="setUp()[pri:0, instance:org.example.SurveyPageTestCases@72bd06ca]" started-at="2020-11-20T14:06:09 UYT" name="setUp" finished-at="2020-11-20T14:06:10 UYT" duration-ms="1334" status="PASS">
          <reporter-output>
          </reporter-output>
        </test-method> <!-- setUp -->
        <test-method signature="editDescriptionToAContactTypeQuestion()[pri:0, instance:org.example.SurveyPageTestCases@72bd06ca]" started-at="2020-11-20T14:06:10 UYT" name="editDescriptionToAContactTypeQuestion" finished-at="2020-11-20T14:06:37 UYT" duration-ms="26619" status="PASS">
          <reporter-output>
          </reporter-output>
        </test-method> <!-- editDescriptionToAContactTypeQuestion -->
        <test-method is-config="true" signature="tearDown()[pri:0, instance:org.example.SurveyPageTestCases@72bd06ca]" started-at="2020-11-20T14:06:37 UYT" name="tearDown" finished-at="2020-11-20T14:06:37 UYT" duration-ms="94" status="PASS">
          <reporter-output>
          </reporter-output>
        </test-method> <!-- tearDown -->
        <test-method is-config="true" signature="setUp()[pri:0, instance:org.example.SurveyPageTestCases@72bd06ca]" started-at="2020-11-20T14:06:37 UYT" name="setUp" finished-at="2020-11-20T14:06:38 UYT" duration-ms="1089" status="PASS">
          <reporter-output>
          </reporter-output>
        </test-method> <!-- setUp -->
        <test-method signature="editTitleQuestionContactType()[pri:0, instance:org.example.SurveyPageTestCases@72bd06ca]" started-at="2020-11-20T14:06:38 UYT" name="editTitleQuestionContactType" finished-at="2020-11-20T14:07:06 UYT" duration-ms="27961" status="PASS">
          <reporter-output>
          </reporter-output>
        </test-method> <!-- editTitleQuestionContactType -->
        <test-method is-config="true" signature="tearDown()[pri:0, instance:org.example.SurveyPageTestCases@72bd06ca]" started-at="2020-11-20T14:07:06 UYT" name="tearDown" finished-at="2020-11-20T14:07:06 UYT" duration-ms="75" status="PASS">
          <reporter-output>
          </reporter-output>
        </test-method> <!-- tearDown -->
        <test-method is-config="true" signature="setUp()[pri:0, instance:org.example.SurveyPageTestCases@72bd06ca]" started-at="2020-11-20T14:07:06 UYT" name="setUp" finished-at="2020-11-20T14:07:06 UYT" duration-ms="622" status="PASS">
          <reporter-output>
          </reporter-output>
        </test-method> <!-- setUp -->
        <test-method is-config="true" signature="setUp()[pri:0, instance:org.example.SurveyPageTestCases@72bd06ca]" started-at="2020-11-20T14:07:32 UYT" name="setUp" finished-at="2020-11-20T14:07:33 UYT" duration-ms="1113" status="PASS">
          <reporter-output>
          </reporter-output>
        </test-method> <!-- setUp -->
        <test-method is-config="true" signature="setUp()[pri:0, instance:org.example.SurveyPageTestCases@72bd06ca]" started-at="2020-11-20T14:07:59 UYT" name="setUp" finished-at="2020-11-20T14:08:00 UYT" duration-ms="1107" status="PASS">
          <reporter-output>
          </reporter-output>
        </test-method> <!-- setUp -->
        <test-method signature="editTitleQuestionScaleType()[pri:0, instance:org.example.SurveyPageTestCases@72bd06ca]" started-at="2020-11-20T14:08:00 UYT" name="editTitleQuestionScaleType" finished-at="2020-11-20T14:08:27 UYT" duration-ms="26413" status="PASS">
          <reporter-output>
          </reporter-output>
        </test-method> <!-- editTitleQuestionScaleType -->
        <test-method is-config="true" signature="tearDown()[pri:0, instance:org.example.SurveyPageTestCases@72bd06ca]" started-at="2020-11-20T14:08:27 UYT" name="tearDown" finished-at="2020-11-20T14:08:27 UYT" duration-ms="79" status="PASS">
          <reporter-output>
          </reporter-output>
        </test-method> <!-- tearDown -->
        <test-method is-config="true" signature="setUp()[pri:0, instance:org.example.SurveyPageTestCases@72bd06ca]" started-at="2020-11-20T14:08:27 UYT" name="setUp" finished-at="2020-11-20T14:08:28 UYT" duration-ms="808" status="PASS">
          <reporter-output>
          </reporter-output>
        </test-method> <!-- setUp -->
        <test-method signature="editTitleQuestionTextType()[pri:0, instance:org.example.SurveyPageTestCases@72bd06ca]" started-at="2020-11-20T14:08:28 UYT" name="editTitleQuestionTextType" finished-at="2020-11-20T14:08:53 UYT" duration-ms="25175" status="PASS">
          <reporter-output>
          </reporter-output>
        </test-method> <!-- editTitleQuestionTextType -->
        <test-method is-config="true" signature="tearDown()[pri:0, instance:org.example.SurveyPageTestCases@72bd06ca]" started-at="2020-11-20T14:08:53 UYT" name="tearDown" finished-at="2020-11-20T14:08:53 UYT" duration-ms="74" status="PASS">
          <reporter-output>
          </reporter-output>
        </test-method> <!-- tearDown -->
        <test-method is-config="true" signature="setUp()[pri:0, instance:org.example.SurveyPageTestCases@72bd06ca]" started-at="2020-11-20T14:08:53 UYT" name="setUp" finished-at="2020-11-20T14:08:53 UYT" duration-ms="714" status="PASS">
          <reporter-output>
          </reporter-output>
        </test-method> <!-- setUp -->
        <test-method signature="unassingASurveyArea()[pri:0, instance:org.example.SurveyPageTestCases@72bd06ca]" started-at="2020-11-20T14:08:53 UYT" name="unassingASurveyArea" finished-at="2020-11-20T14:09:18 UYT" duration-ms="24916" status="PASS">
          <reporter-output>
          </reporter-output>
        </test-method> <!-- unassingASurveyArea -->
        <test-method is-config="true" signature="tearDown()[pri:0, instance:org.example.SurveyPageTestCases@72bd06ca]" started-at="2020-11-20T14:09:18 UYT" name="tearDown" finished-at="2020-11-20T14:09:18 UYT" duration-ms="71" status="PASS">
          <reporter-output>
          </reporter-output>
        </test-method> <!-- tearDown -->
      </class> <!-- org.example.SurveyPageTestCases -->
      <class name="org.example.AdminsTestCases">
        <test-method is-config="true" signature="setUp()[pri:0, instance:org.example.AdminsTestCases@5cc126dc]" started-at="2020-11-20T13:45:29 UYT" name="setUp" finished-at="2020-11-20T13:45:29 UYT" duration-ms="714" status="PASS">
          <reporter-output>
          </reporter-output>
        </test-method> <!-- setUp -->
        <test-method signature="createAnAdminWithInvalidEmail(java.lang.String)[pri:0, instance:org.example.AdminsTestCases@5cc126dc]" started-at="2020-11-20T13:45:29 UYT" name="createAnAdminWithInvalidEmail" data-provider="getDataInvalidEmail" finished-at="2020-11-20T13:45:50 UYT" duration-ms="20967" status="PASS">
          <params>
            <param index="0">
              <value>
                <![CDATA[erodriguez@@effectussoftware.com]]>
              </value>
            </param>
          </params>
          <reporter-output>
          </reporter-output>
        </test-method> <!-- createAnAdminWithInvalidEmail -->
        <test-method is-config="true" signature="tearDown()[pri:0, instance:org.example.AdminsTestCases@5cc126dc]" started-at="2020-11-20T13:45:50 UYT" name="tearDown" finished-at="2020-11-20T13:45:50 UYT" duration-ms="73" status="PASS">
          <reporter-output>
          </reporter-output>
        </test-method> <!-- tearDown -->
        <test-method is-config="true" signature="setUp()[pri:0, instance:org.example.AdminsTestCases@5cc126dc]" started-at="2020-11-20T13:45:50 UYT" name="setUp" finished-at="2020-11-20T13:45:51 UYT" duration-ms="646" status="PASS">
          <reporter-output>
          </reporter-output>
        </test-method> <!-- setUp -->
        <test-method signature="createAnAdminWithInvalidEmail(java.lang.String)[pri:0, instance:org.example.AdminsTestCases@5cc126dc]" started-at="2020-11-20T13:45:51 UYT" name="createAnAdminWithInvalidEmail" data-provider="getDataInvalidEmail" finished-at="2020-11-20T13:46:13 UYT" duration-ms="22086" status="PASS">
          <params>
            <param index="0">
              <value>
                <![CDATA[erodriguez@effectussoftware..com]]>
              </value>
            </param>
          </params>
          <reporter-output>
          </reporter-output>
        </test-method> <!-- createAnAdminWithInvalidEmail -->
        <test-method is-config="true" signature="tearDown()[pri:0, instance:org.example.AdminsTestCases@5cc126dc]" started-at="2020-11-20T13:46:13 UYT" name="tearDown" finished-at="2020-11-20T13:46:13 UYT" duration-ms="73" status="PASS">
          <reporter-output>
          </reporter-output>
        </test-method> <!-- tearDown -->
        <test-method is-config="true" signature="setUp()[pri:0, instance:org.example.AdminsTestCases@5cc126dc]" started-at="2020-11-20T13:46:13 UYT" name="setUp" finished-at="2020-11-20T13:46:14 UYT" duration-ms="651" status="PASS">
          <reporter-output>
          </reporter-output>
        </test-method> <!-- setUp -->
        <test-method signature="createAnAdminWithInvalidEmail(java.lang.String)[pri:0, instance:org.example.AdminsTestCases@5cc126dc]" started-at="2020-11-20T13:46:14 UYT" name="createAnAdminWithInvalidEmail" data-provider="getDataInvalidEmail" finished-at="2020-11-20T13:46:23 UYT" duration-ms="8930" status="PASS">
          <params>
            <param index="0">
              <value>
                <![CDATA[erodriguez@effectussoftware..c]]>
              </value>
            </param>
          </params>
          <reporter-output>
          </reporter-output>
        </test-method> <!-- createAnAdminWithInvalidEmail -->
        <test-method is-config="true" signature="tearDown()[pri:0, instance:org.example.AdminsTestCases@5cc126dc]" started-at="2020-11-20T13:46:23 UYT" name="tearDown" finished-at="2020-11-20T13:46:23 UYT" duration-ms="71" status="PASS">
          <reporter-output>
          </reporter-output>
        </test-method> <!-- tearDown -->
        <test-method is-config="true" signature="setUp()[pri:0, instance:org.example.AdminsTestCases@5cc126dc]" started-at="2020-11-20T13:46:23 UYT" name="setUp" finished-at="2020-11-20T13:46:24 UYT" duration-ms="883" status="PASS">
          <reporter-output>
          </reporter-output>
        </test-method> <!-- setUp -->
        <test-method signature="createAnAdminWithInvalidEmail(java.lang.String)[pri:0, instance:org.example.AdminsTestCases@5cc126dc]" started-at="2020-11-20T13:46:24 UYT" name="createAnAdminWithInvalidEmail" data-provider="getDataInvalidEmail" finished-at="2020-11-20T13:46:45 UYT" duration-ms="21720" status="PASS">
          <params>
            <param index="0">
              <value>
                <![CDATA[erodriguez#effectussoftware.com]]>
              </value>
            </param>
          </params>
          <reporter-output>
          </reporter-output>
        </test-method> <!-- createAnAdminWithInvalidEmail -->
        <test-method is-config="true" signature="tearDown()[pri:0, instance:org.example.AdminsTestCases@5cc126dc]" started-at="2020-11-20T13:46:45 UYT" name="tearDown" finished-at="2020-11-20T13:46:46 UYT" duration-ms="71" status="PASS">
          <reporter-output>
          </reporter-output>
        </test-method> <!-- tearDown -->
        <test-method is-config="true" signature="setUp()[pri:0, instance:org.example.AdminsTestCases@5cc126dc]" started-at="2020-11-20T13:46:46 UYT" name="setUp" finished-at="2020-11-20T13:46:46 UYT" duration-ms="908" status="PASS">
          <reporter-output>
          </reporter-output>
        </test-method> <!-- setUp -->
        <test-method signature="createAnAdminWithoutConfirmPassword()[pri:0, instance:org.example.AdminsTestCases@5cc126dc]" started-at="2020-11-20T13:46:46 UYT" name="createAnAdminWithoutConfirmPassword" finished-at="2020-11-20T13:47:08 UYT" duration-ms="21948" status="PASS">
          <reporter-output>
          </reporter-output>
        </test-method> <!-- createAnAdminWithoutConfirmPassword -->
        <test-method is-config="true" signature="tearDown()[pri:0, instance:org.example.AdminsTestCases@5cc126dc]" started-at="2020-11-20T13:47:08 UYT" name="tearDown" finished-at="2020-11-20T13:47:08 UYT" duration-ms="74" status="PASS">
          <reporter-output>
          </reporter-output>
        </test-method> <!-- tearDown -->
        <test-method is-config="true" signature="setUp()[pri:0, instance:org.example.AdminsTestCases@5cc126dc]" started-at="2020-11-20T13:47:08 UYT" name="setUp" finished-at="2020-11-20T13:47:09 UYT" duration-ms="709" status="PASS">
          <reporter-output>
          </reporter-output>
        </test-method> <!-- setUp -->
        <test-method signature="createAnAdminWithoutEmail()[pri:0, instance:org.example.AdminsTestCases@5cc126dc]" started-at="2020-11-20T13:47:09 UYT" name="createAnAdminWithoutEmail" finished-at="2020-11-20T13:47:31 UYT" duration-ms="22149" status="PASS">
          <reporter-output>
          </reporter-output>
        </test-method> <!-- createAnAdminWithoutEmail -->
        <test-method is-config="true" signature="tearDown()[pri:0, instance:org.example.AdminsTestCases@5cc126dc]" started-at="2020-11-20T13:47:31 UYT" name="tearDown" finished-at="2020-11-20T13:47:31 UYT" duration-ms="80" status="PASS">
          <reporter-output>
          </reporter-output>
        </test-method> <!-- tearDown -->
        <test-method is-config="true" signature="setUp()[pri:0, instance:org.example.AdminsTestCases@5cc126dc]" started-at="2020-11-20T13:47:31 UYT" name="setUp" finished-at="2020-11-20T13:47:33 UYT" duration-ms="1151" status="PASS">
          <reporter-output>
          </reporter-output>
        </test-method> <!-- setUp -->
        <test-method signature="createCompanyAdmin()[pri:0, instance:org.example.AdminsTestCases@5cc126dc]" started-at="2020-11-20T13:47:33 UYT" name="createCompanyAdmin" finished-at="2020-11-20T13:47:57 UYT" duration-ms="24086" status="PASS">
          <reporter-output>
          </reporter-output>
        </test-method> <!-- createCompanyAdmin -->
        <test-method is-config="true" signature="tearDown()[pri:0, instance:org.example.AdminsTestCases@5cc126dc]" started-at="2020-11-20T13:47:57 UYT" name="tearDown" finished-at="2020-11-20T13:47:57 UYT" duration-ms="72" status="PASS">
          <reporter-output>
          </reporter-output>
        </test-method> <!-- tearDown -->
        <test-method is-config="true" signature="setUp()[pri:0, instance:org.example.AdminsTestCases@5cc126dc]" started-at="2020-11-20T13:47:57 UYT" name="setUp" finished-at="2020-11-20T13:47:57 UYT" duration-ms="674" status="PASS">
          <reporter-output>
          </reporter-output>
        </test-method> <!-- setUp -->
        <test-method signature="createVisualizatorAdmin()[pri:0, instance:org.example.AdminsTestCases@5cc126dc]" started-at="2020-11-20T13:47:57 UYT" name="createVisualizatorAdmin" finished-at="2020-11-20T13:48:22 UYT" duration-ms="24472" status="PASS">
          <reporter-output>
          </reporter-output>
        </test-method> <!-- createVisualizatorAdmin -->
        <test-method is-config="true" signature="tearDown()[pri:0, instance:org.example.AdminsTestCases@5cc126dc]" started-at="2020-11-20T13:48:22 UYT" name="tearDown" finished-at="2020-11-20T13:48:22 UYT" duration-ms="75" status="PASS">
          <reporter-output>
          </reporter-output>
        </test-method> <!-- tearDown -->
        <test-method is-config="true" signature="setUp()[pri:0, instance:org.example.AdminsTestCases@5cc126dc]" started-at="2020-11-20T13:48:22 UYT" name="setUp" finished-at="2020-11-20T13:48:23 UYT" duration-ms="761" status="PASS">
          <reporter-output>
          </reporter-output>
        </test-method> <!-- setUp -->
        <test-method signature="deleteAnCompanyAdmin()[pri:0, instance:org.example.AdminsTestCases@5cc126dc]" started-at="2020-11-20T13:48:23 UYT" name="deleteAnCompanyAdmin" finished-at="2020-11-20T13:48:45 UYT" duration-ms="21950" status="PASS">
          <reporter-output>
          </reporter-output>
        </test-method> <!-- deleteAnCompanyAdmin -->
        <test-method is-config="true" signature="tearDown()[pri:0, instance:org.example.AdminsTestCases@5cc126dc]" started-at="2020-11-20T13:48:45 UYT" name="tearDown" finished-at="2020-11-20T13:48:45 UYT" duration-ms="70" status="PASS">
          <reporter-output>
          </reporter-output>
        </test-method> <!-- tearDown -->
        <test-method is-config="true" signature="setUp()[pri:0, instance:org.example.AdminsTestCases@5cc126dc]" started-at="2020-11-20T13:48:45 UYT" name="setUp" finished-at="2020-11-20T13:48:45 UYT" duration-ms="706" status="PASS">
          <reporter-output>
          </reporter-output>
        </test-method> <!-- setUp -->
        <test-method signature="editEmailOfCompanyUser()[pri:0, instance:org.example.AdminsTestCases@5cc126dc]" started-at="2020-11-20T13:48:45 UYT" name="editEmailOfCompanyUser" finished-at="2020-11-20T13:49:10 UYT" duration-ms="24259" status="PASS">
          <reporter-output>
          </reporter-output>
        </test-method> <!-- editEmailOfCompanyUser -->
        <test-method is-config="true" signature="tearDown()[pri:0, instance:org.example.AdminsTestCases@5cc126dc]" started-at="2020-11-20T13:49:10 UYT" name="tearDown" finished-at="2020-11-20T13:49:10 UYT" duration-ms="73" status="PASS">
          <reporter-output>
          </reporter-output>
        </test-method> <!-- tearDown -->
        <test-method is-config="true" signature="setUp()[pri:0, instance:org.example.AdminsTestCases@5cc126dc]" started-at="2020-11-20T13:49:10 UYT" name="setUp" finished-at="2020-11-20T13:49:10 UYT" duration-ms="524" status="PASS">
          <reporter-output>
          </reporter-output>
        </test-method> <!-- setUp -->
        <test-method signature="editEmailOfVisualizatorUser()[pri:0, instance:org.example.AdminsTestCases@5cc126dc]" started-at="2020-11-20T13:49:10 UYT" name="editEmailOfVisualizatorUser" finished-at="2020-11-20T13:49:47 UYT" duration-ms="36448" status="PASS">
          <reporter-output>
          </reporter-output>
        </test-method> <!-- editEmailOfVisualizatorUser -->
        <test-method is-config="true" signature="tearDown()[pri:0, instance:org.example.AdminsTestCases@5cc126dc]" started-at="2020-11-20T13:49:47 UYT" name="tearDown" finished-at="2020-11-20T13:49:47 UYT" duration-ms="77" status="PASS">
          <reporter-output>
          </reporter-output>
        </test-method> <!-- tearDown -->
        <test-method is-config="true" signature="setUp()[pri:0, instance:org.example.AdminsTestCases@5cc126dc]" started-at="2020-11-20T13:49:47 UYT" name="setUp" finished-at="2020-11-20T13:49:47 UYT" duration-ms="535" status="PASS">
          <reporter-output>
          </reporter-output>
        </test-method> <!-- setUp -->
        <test-method signature="myUserDontAppearsInTheList()[pri:0, instance:org.example.AdminsTestCases@5cc126dc]" started-at="2020-11-20T13:49:47 UYT" name="myUserDontAppearsInTheList" finished-at="2020-11-20T13:50:22 UYT" duration-ms="34427" status="PASS">
          <reporter-output>
          </reporter-output>
        </test-method> <!-- myUserDontAppearsInTheList -->
        <test-method is-config="true" signature="tearDown()[pri:0, instance:org.example.AdminsTestCases@5cc126dc]" started-at="2020-11-20T13:50:22 UYT" name="tearDown" finished-at="2020-11-20T13:50:22 UYT" duration-ms="72" status="PASS">
          <reporter-output>
          </reporter-output>
        </test-method> <!-- tearDown -->
      </class> <!-- org.example.AdminsTestCases -->
      <class name="org.example.LoginPageCases">
        <test-method is-config="true" signature="setUp()[pri:0, instance:org.example.LoginPageCases@7e809b79]" started-at="2020-11-20T13:43:32 UYT" name="setUp" finished-at="2020-11-20T13:43:34 UYT" duration-ms="2066" status="PASS">
          <reporter-output>
          </reporter-output>
        </test-method> <!-- setUp -->
        <test-method signature="loginWithInvalidEmail(java.lang.String, java.lang.String)[pri:0, instance:org.example.LoginPageCases@7e809b79]" started-at="2020-11-20T13:43:34 UYT" name="loginWithInvalidEmail" data-provider="getDataInvalidEmail" finished-at="2020-11-20T13:43:49 UYT" duration-ms="14426" status="PASS">
          <params>
            <param index="0">
              <value>
                <![CDATA[erodriguez@@effectussoftware.com]]>
              </value>
            </param>
            <param index="1">
              <value>
                <![CDATA[password]]>
              </value>
            </param>
          </params>
          <reporter-output>
          </reporter-output>
        </test-method> <!-- loginWithInvalidEmail -->
        <test-method is-config="true" signature="tearDown()[pri:0, instance:org.example.LoginPageCases@7e809b79]" started-at="2020-11-20T13:43:49 UYT" name="tearDown" finished-at="2020-11-20T13:43:49 UYT" duration-ms="76" status="PASS">
          <reporter-output>
          </reporter-output>
        </test-method> <!-- tearDown -->
        <test-method is-config="true" signature="setUp()[pri:0, instance:org.example.LoginPageCases@7e809b79]" started-at="2020-11-20T13:43:49 UYT" name="setUp" finished-at="2020-11-20T13:43:50 UYT" duration-ms="592" status="PASS">
          <reporter-output>
          </reporter-output>
        </test-method> <!-- setUp -->
        <test-method signature="loginWithInvalidEmail(java.lang.String, java.lang.String)[pri:0, instance:org.example.LoginPageCases@7e809b79]" started-at="2020-11-20T13:43:50 UYT" name="loginWithInvalidEmail" data-provider="getDataInvalidEmail" finished-at="2020-11-20T13:44:01 UYT" duration-ms="11716" status="PASS">
          <params>
            <param index="0">
              <value>
                <![CDATA[erodriguez@effectussoftware..com]]>
              </value>
            </param>
            <param index="1">
              <value>
                <![CDATA[password]]>
              </value>
            </param>
          </params>
          <reporter-output>
          </reporter-output>
        </test-method> <!-- loginWithInvalidEmail -->
        <test-method is-config="true" signature="tearDown()[pri:0, instance:org.example.LoginPageCases@7e809b79]" started-at="2020-11-20T13:44:01 UYT" name="tearDown" finished-at="2020-11-20T13:44:01 UYT" duration-ms="71" status="PASS">
          <reporter-output>
          </reporter-output>
        </test-method> <!-- tearDown -->
        <test-method is-config="true" signature="setUp()[pri:0, instance:org.example.LoginPageCases@7e809b79]" started-at="2020-11-20T13:44:01 UYT" name="setUp" finished-at="2020-11-20T13:44:02 UYT" duration-ms="572" status="PASS">
          <reporter-output>
          </reporter-output>
        </test-method> <!-- setUp -->
        <test-method signature="loginWithInvalidEmail(java.lang.String, java.lang.String)[pri:0, instance:org.example.LoginPageCases@7e809b79]" started-at="2020-11-20T13:44:02 UYT" name="loginWithInvalidEmail" data-provider="getDataInvalidEmail" finished-at="2020-11-20T13:44:14 UYT" duration-ms="11866" status="PASS">
          <params>
            <param index="0">
              <value>
                <![CDATA[erodriguez@effectussoftware..c]]>
              </value>
            </param>
            <param index="1">
              <value>
                <![CDATA[password]]>
              </value>
            </param>
          </params>
          <reporter-output>
          </reporter-output>
        </test-method> <!-- loginWithInvalidEmail -->
        <test-method is-config="true" signature="tearDown()[pri:0, instance:org.example.LoginPageCases@7e809b79]" started-at="2020-11-20T13:44:14 UYT" name="tearDown" finished-at="2020-11-20T13:44:14 UYT" duration-ms="75" status="PASS">
          <reporter-output>
          </reporter-output>
        </test-method> <!-- tearDown -->
        <test-method is-config="true" signature="setUp()[pri:0, instance:org.example.LoginPageCases@7e809b79]" started-at="2020-11-20T13:44:14 UYT" name="setUp" finished-at="2020-11-20T13:44:14 UYT" duration-ms="510" status="PASS">
          <reporter-output>
          </reporter-output>
        </test-method> <!-- setUp -->
        <test-method signature="loginWithInvalidEmail(java.lang.String, java.lang.String)[pri:0, instance:org.example.LoginPageCases@7e809b79]" started-at="2020-11-20T13:44:14 UYT" name="loginWithInvalidEmail" data-provider="getDataInvalidEmail" finished-at="2020-11-20T13:44:26 UYT" duration-ms="11529" status="PASS">
          <params>
            <param index="0">
              <value>
                <![CDATA[erodriguez#effectussoftware..com]]>
              </value>
            </param>
            <param index="1">
              <value>
                <![CDATA[password]]>
              </value>
            </param>
          </params>
          <reporter-output>
          </reporter-output>
        </test-method> <!-- loginWithInvalidEmail -->
        <test-method is-config="true" signature="tearDown()[pri:0, instance:org.example.LoginPageCases@7e809b79]" started-at="2020-11-20T13:44:26 UYT" name="tearDown" finished-at="2020-11-20T13:44:26 UYT" duration-ms="77" status="PASS">
          <reporter-output>
          </reporter-output>
        </test-method> <!-- tearDown -->
        <test-method is-config="true" signature="setUp()[pri:0, instance:org.example.LoginPageCases@7e809b79]" started-at="2020-11-20T13:44:26 UYT" name="setUp" finished-at="2020-11-20T13:44:27 UYT" duration-ms="543" status="PASS">
          <reporter-output>
          </reporter-output>
        </test-method> <!-- setUp -->
        <test-method signature="loginWithInvalidEmailAndThenLoginWithValidEmail()[pri:0, instance:org.example.LoginPageCases@7e809b79]" started-at="2020-11-20T13:44:27 UYT" name="loginWithInvalidEmailAndThenLoginWithValidEmail" finished-at="2020-11-20T13:44:40 UYT" duration-ms="13347" status="PASS">
          <reporter-output>
          </reporter-output>
        </test-method> <!-- loginWithInvalidEmailAndThenLoginWithValidEmail -->
        <test-method is-config="true" signature="tearDown()[pri:0, instance:org.example.LoginPageCases@7e809b79]" started-at="2020-11-20T13:44:40 UYT" name="tearDown" finished-at="2020-11-20T13:44:40 UYT" duration-ms="74" status="PASS">
          <reporter-output>
          </reporter-output>
        </test-method> <!-- tearDown -->
        <test-method is-config="true" signature="setUp()[pri:0, instance:org.example.LoginPageCases@7e809b79]" started-at="2020-11-20T13:44:40 UYT" name="setUp" finished-at="2020-11-20T13:44:40 UYT" duration-ms="542" status="PASS">
          <reporter-output>
          </reporter-output>
        </test-method> <!-- setUp -->
        <test-method signature="loginWithInvalidPassword()[pri:0, instance:org.example.LoginPageCases@7e809b79]" started-at="2020-11-20T13:44:40 UYT" name="loginWithInvalidPassword" finished-at="2020-11-20T13:44:53 UYT" duration-ms="12066" status="PASS">
          <reporter-output>
          </reporter-output>
        </test-method> <!-- loginWithInvalidPassword -->
        <test-method is-config="true" signature="tearDown()[pri:0, instance:org.example.LoginPageCases@7e809b79]" started-at="2020-11-20T13:44:53 UYT" name="tearDown" finished-at="2020-11-20T13:44:53 UYT" duration-ms="74" status="PASS">
          <reporter-output>
          </reporter-output>
        </test-method> <!-- tearDown -->
        <test-method is-config="true" signature="setUp()[pri:0, instance:org.example.LoginPageCases@7e809b79]" started-at="2020-11-20T13:44:53 UYT" name="setUp" finished-at="2020-11-20T13:44:53 UYT" duration-ms="542" status="PASS">
          <reporter-output>
          </reporter-output>
        </test-method> <!-- setUp -->
        <test-method signature="loginWithoutEmailAndPassword()[pri:0, instance:org.example.LoginPageCases@7e809b79]" started-at="2020-11-20T13:44:53 UYT" name="loginWithoutEmailAndPassword" finished-at="2020-11-20T13:44:59 UYT" duration-ms="5638" status="PASS">
          <reporter-output>
          </reporter-output>
        </test-method> <!-- loginWithoutEmailAndPassword -->
        <test-method is-config="true" signature="tearDown()[pri:0, instance:org.example.LoginPageCases@7e809b79]" started-at="2020-11-20T13:44:59 UYT" name="tearDown" finished-at="2020-11-20T13:44:59 UYT" duration-ms="71" status="PASS">
          <reporter-output>
          </reporter-output>
        </test-method> <!-- tearDown -->
        <test-method is-config="true" signature="setUp()[pri:0, instance:org.example.LoginPageCases@7e809b79]" started-at="2020-11-20T13:44:59 UYT" name="setUp" finished-at="2020-11-20T13:45:00 UYT" duration-ms="849" status="PASS">
          <reporter-output>
          </reporter-output>
        </test-method> <!-- setUp -->
        <test-method signature="validateLoginFlow()[pri:0, instance:org.example.LoginPageCases@7e809b79]" started-at="2020-11-20T13:45:00 UYT" name="validateLoginFlow" finished-at="2020-11-20T13:45:28 UYT" duration-ms="28575" status="FAIL">
          <exception class="org.openqa.selenium.TimeoutException">
            <message>
              <![CDATA[Expected condition failed: waiting for presence of element located by: By.xpath: //body/div[@id='root']/div[1]/div[2]/label[1] (tried for 6 second(s) with 1000 milliseconds interval)]]>
            </message>
            <full-stacktrace>
              <![CDATA[org.openqa.selenium.TimeoutException: Expected condition failed: waiting for presence of element located by: By.xpath: //body/div[@id='root']/div[1]/div[2]/label[1] (tried for 6 second(s) with 1000 milliseconds interval)
at org.openqa.selenium.support.ui.FluentWait.timeoutException(FluentWait.java:293)
at org.openqa.selenium.support.ui.FluentWait.lambda$checkConditionInLoop$2(FluentWait.java:255)
at java.base/java.util.concurrent.CompletableFuture$AsyncSupply.run(CompletableFuture.java:1700)
at java.base/java.util.concurrent.CompletableFuture$AsyncSupply.exec(CompletableFuture.java:1692)
at java.base/java.util.concurrent.ForkJoinTask.doExec(ForkJoinTask.java:290)
at java.base/java.util.concurrent.ForkJoinPool$WorkQueue.topLevelExec(ForkJoinPool.java:1020)
at java.base/java.util.concurrent.ForkJoinPool.scan(ForkJoinPool.java:1656)
at java.base/java.util.concurrent.ForkJoinPool.runWorker(ForkJoinPool.java:1594)
at java.base/java.util.concurrent.ForkJoinWorkerThread.run(ForkJoinWorkerThread.java:177)
Caused by: org.openqa.selenium.NoSuchElementException: no such element: Unable to locate element: {"method":"xpath","selector":"//body/div[@id='root']/div[1]/div[2]/label[1]"}
  (Session info: headless chrome=86.0.4240.198)
For documentation on this error, please visit: https://selenium.dev/exceptions/#no_such_element
Build info: version: '4.0.0-alpha-6', revision: '5f43a29cfc'
System info: host: 'Emilianos-Mini.localdomain', ip: '192.168.1.37', os.name: 'Mac OS X', os.arch: 'x86_64', os.version: '10.15.7', java.version: '11.0.7'
Driver info: org.openqa.selenium.chrome.ChromeDriver
Capabilities {acceptInsecureCerts: false, browserName: chrome, browserVersion: 86.0.4240.198, chrome: {chromedriverVersion: 86.0.4240.22 (398b0743353ff..., userDataDir: /var/folders/0m/gb7z83vd0cj...}, goog:chromeOptions: {debuggerAddress: localhost:54420}, javascriptEnabled: true, networkConnectionEnabled: false, pageLoadStrategy: normal, platform: MAC, platformName: MAC, proxy: Proxy(), setWindowRect: true, strictFileInteractability: false, timeouts: {implicit: 0, pageLoad: 300000, script: 30000}, unhandledPromptBehavior: dismiss and notify, webauthn:virtualAuthenticators: true}
Session ID: a7574aaac93cf07687c9b3750d9295be
*** Element info: {Using=xpath, value=//body/div[@id='root']/div[1]/div[2]/label[1]}
at jdk.internal.reflect.GeneratedConstructorAccessor14.newInstance(Unknown Source)
at java.base/jdk.internal.reflect.DelegatingConstructorAccessorImpl.newInstance(DelegatingConstructorAccessorImpl.java:45)
at java.base/java.lang.reflect.Constructor.newInstance(Constructor.java:490)
at org.openqa.selenium.remote.codec.w3c.W3CHttpResponseCodec.createException(W3CHttpResponseCodec.java:196)
at org.openqa.selenium.remote.codec.w3c.W3CHttpResponseCodec.decode(W3CHttpResponseCodec.java:129)
at org.openqa.selenium.remote.codec.w3c.W3CHttpResponseCodec.decode(W3CHttpResponseCodec.java:53)
at org.openqa.selenium.remote.HttpCommandExecutor.execute(HttpCommandExecutor.java:160)
at org.openqa.selenium.remote.service.DriverCommandExecutor.execute(DriverCommandExecutor.java:83)
at org.openqa.selenium.remote.RemoteWebDriver.execute(RemoteWebDriver.java:582)
at org.openqa.selenium.remote.RemoteWebDriver.findElement(RemoteWebDriver.java:333)
at org.openqa.selenium.remote.RemoteWebDriver.findElementByXPath(RemoteWebDriver.java:451)
at org.openqa.selenium.By$ByXPath.findElement(By.java:394)
at org.openqa.selenium.remote.RemoteWebDriver.findElement(RemoteWebDriver.java:325)
at org.openqa.selenium.support.ui.ExpectedConditions$6.apply(ExpectedConditions.java:182)
at org.openqa.selenium.support.ui.ExpectedConditions$6.apply(ExpectedConditions.java:179)
at org.openqa.selenium.support.ui.FluentWait.lambda$checkConditionInLoop$2(FluentWait.java:233)
... 7 more
]]>
            </full-stacktrace>
          </exception> <!-- org.openqa.selenium.TimeoutException -->
          <reporter-output>
          </reporter-output>
        </test-method> <!-- validateLoginFlow -->
        <test-method is-config="true" signature="tearDown()[pri:0, instance:org.example.LoginPageCases@7e809b79]" started-at="2020-11-20T13:45:29 UYT" name="tearDown" finished-at="2020-11-20T13:45:29 UYT" duration-ms="76" status="PASS">
          <reporter-output>
          </reporter-output>
        </test-method> <!-- tearDown -->
      </class> <!-- org.example.LoginPageCases -->
      <class name="org.example.InfoUserTestCases">
        <test-method is-config="true" signature="setUp()[pri:0, instance:org.example.InfoUserTestCases@625e134e]" started-at="2020-11-20T13:50:22 UYT" name="setUp" finished-at="2020-11-20T13:50:22 UYT" duration-ms="547" status="PASS">
          <reporter-output>
          </reporter-output>
        </test-method> <!-- setUp -->
        <test-method signature="editMyEmail()[pri:0, instance:org.example.InfoUserTestCases@625e134e]" started-at="2020-11-20T13:50:22 UYT" name="editMyEmail" finished-at="2020-11-20T13:50:57 UYT" duration-ms="34984" status="PASS">
          <reporter-output>
          </reporter-output>
        </test-method> <!-- editMyEmail -->
        <test-method is-config="true" signature="tearDown()[pri:0, instance:org.example.InfoUserTestCases@625e134e]" started-at="2020-11-20T13:50:57 UYT" name="tearDown" finished-at="2020-11-20T13:50:57 UYT" duration-ms="71" status="PASS">
          <reporter-output>
          </reporter-output>
        </test-method> <!-- tearDown -->
        <test-method is-config="true" signature="setUp()[pri:0, instance:org.example.InfoUserTestCases@625e134e]" started-at="2020-11-20T13:50:57 UYT" name="setUp" finished-at="2020-11-20T13:50:58 UYT" duration-ms="841" status="PASS">
          <reporter-output>
          </reporter-output>
        </test-method> <!-- setUp -->
        <test-method signature="editMyInfoIncorrectly()[pri:0, instance:org.example.InfoUserTestCases@625e134e]" started-at="2020-11-20T13:50:58 UYT" name="editMyInfoIncorrectly" finished-at="2020-11-20T13:51:32 UYT" duration-ms="33980" status="PASS">
          <reporter-output>
          </reporter-output>
        </test-method> <!-- editMyInfoIncorrectly -->
        <test-method is-config="true" signature="tearDown()[pri:0, instance:org.example.InfoUserTestCases@625e134e]" started-at="2020-11-20T13:51:32 UYT" name="tearDown" finished-at="2020-11-20T13:51:32 UYT" duration-ms="72" status="PASS">
          <reporter-output>
          </reporter-output>
        </test-method> <!-- tearDown -->
        <test-method is-config="true" signature="setUp()[pri:0, instance:org.example.InfoUserTestCases@625e134e]" started-at="2020-11-20T13:51:32 UYT" name="setUp" finished-at="2020-11-20T13:51:33 UYT" duration-ms="772" status="PASS">
          <reporter-output>
          </reporter-output>
        </test-method> <!-- setUp -->
        <test-method signature="editMyInfoWithInvalidEmail(java.lang.String, java.lang.String)[pri:0, instance:org.example.InfoUserTestCases@625e134e]" started-at="2020-11-20T13:51:33 UYT" name="editMyInfoWithInvalidEmail" data-provider="getDataInvalidEmail" finished-at="2020-11-20T13:52:07 UYT" duration-ms="34187" status="PASS">
          <params>
            <param index="0">
              <value>
                <![CDATA[erodriguez@@effectussoftware.com]]>
              </value>
            </param>
            <param index="1">
              <value>
                <![CDATA[password]]>
              </value>
            </param>
          </params>
          <reporter-output>
          </reporter-output>
        </test-method> <!-- editMyInfoWithInvalidEmail -->
        <test-method is-config="true" signature="tearDown()[pri:0, instance:org.example.InfoUserTestCases@625e134e]" started-at="2020-11-20T13:52:07 UYT" name="tearDown" finished-at="2020-11-20T13:52:07 UYT" duration-ms="74" status="PASS">
          <reporter-output>
          </reporter-output>
        </test-method> <!-- tearDown -->
        <test-method is-config="true" signature="setUp()[pri:0, instance:org.example.InfoUserTestCases@625e134e]" started-at="2020-11-20T13:52:07 UYT" name="setUp" finished-at="2020-11-20T13:52:08 UYT" duration-ms="771" status="PASS">
          <reporter-output>
          </reporter-output>
        </test-method> <!-- setUp -->
        <test-method signature="editMyInfoWithInvalidEmail(java.lang.String, java.lang.String)[pri:0, instance:org.example.InfoUserTestCases@625e134e]" started-at="2020-11-20T13:52:08 UYT" name="editMyInfoWithInvalidEmail" data-provider="getDataInvalidEmail" finished-at="2020-11-20T13:52:42 UYT" duration-ms="34263" status="PASS">
          <params>
            <param index="0">
              <value>
                <![CDATA[erodriguez@effectussoftware..com]]>
              </value>
            </param>
            <param index="1">
              <value>
                <![CDATA[password]]>
              </value>
            </param>
          </params>
          <reporter-output>
          </reporter-output>
        </test-method> <!-- editMyInfoWithInvalidEmail -->
        <test-method is-config="true" signature="tearDown()[pri:0, instance:org.example.InfoUserTestCases@625e134e]" started-at="2020-11-20T13:52:42 UYT" name="tearDown" finished-at="2020-11-20T13:52:42 UYT" duration-ms="72" status="PASS">
          <reporter-output>
          </reporter-output>
        </test-method> <!-- tearDown -->
        <test-method is-config="true" signature="setUp()[pri:0, instance:org.example.InfoUserTestCases@625e134e]" started-at="2020-11-20T13:52:42 UYT" name="setUp" finished-at="2020-11-20T13:52:43 UYT" duration-ms="772" status="PASS">
          <reporter-output>
          </reporter-output>
        </test-method> <!-- setUp -->
        <test-method signature="editMyInfoWithInvalidEmail(java.lang.String, java.lang.String)[pri:0, instance:org.example.InfoUserTestCases@625e134e]" started-at="2020-11-20T13:52:43 UYT" name="editMyInfoWithInvalidEmail" data-provider="getDataInvalidEmail" finished-at="2020-11-20T13:53:04 UYT" duration-ms="21180" status="PASS">
          <params>
            <param index="0">
              <value>
                <![CDATA[erodriguez@effectussoftware..c]]>
              </value>
            </param>
            <param index="1">
              <value>
                <![CDATA[password]]>
              </value>
            </param>
          </params>
          <reporter-output>
          </reporter-output>
        </test-method> <!-- editMyInfoWithInvalidEmail -->
        <test-method is-config="true" signature="tearDown()[pri:0, instance:org.example.InfoUserTestCases@625e134e]" started-at="2020-11-20T13:53:04 UYT" name="tearDown" finished-at="2020-11-20T13:53:05 UYT" duration-ms="92" status="PASS">
          <reporter-output>
          </reporter-output>
        </test-method> <!-- tearDown -->
        <test-method is-config="true" signature="setUp()[pri:0, instance:org.example.InfoUserTestCases@625e134e]" started-at="2020-11-20T13:53:05 UYT" name="setUp" finished-at="2020-11-20T13:53:05 UYT" duration-ms="710" status="PASS">
          <reporter-output>
          </reporter-output>
        </test-method> <!-- setUp -->
        <test-method signature="editMyInfoWithInvalidEmail(java.lang.String, java.lang.String)[pri:0, instance:org.example.InfoUserTestCases@625e134e]" started-at="2020-11-20T13:53:05 UYT" name="editMyInfoWithInvalidEmail" data-provider="getDataInvalidEmail" finished-at="2020-11-20T13:53:39 UYT" duration-ms="34236" status="PASS">
          <params>
            <param index="0">
              <value>
                <![CDATA[erodriguez#effectussoftware.com]]>
              </value>
            </param>
            <param index="1">
              <value>
                <![CDATA[password]]>
              </value>
            </param>
          </params>
          <reporter-output>
          </reporter-output>
        </test-method> <!-- editMyInfoWithInvalidEmail -->
        <test-method is-config="true" signature="tearDown()[pri:0, instance:org.example.InfoUserTestCases@625e134e]" started-at="2020-11-20T13:53:39 UYT" name="tearDown" finished-at="2020-11-20T13:53:40 UYT" duration-ms="70" status="PASS">
          <reporter-output>
          </reporter-output>
        </test-method> <!-- tearDown -->
        <test-method is-config="true" signature="setUp()[pri:0, instance:org.example.InfoUserTestCases@625e134e]" started-at="2020-11-20T13:53:40 UYT" name="setUp" finished-at="2020-11-20T13:53:40 UYT" duration-ms="484" status="PASS">
          <reporter-output>
          </reporter-output>
        </test-method> <!-- setUp -->
      </class> <!-- org.example.InfoUserTestCases -->
    </test> <!-- TestProject -->
  </suite> <!-- TestSuite -->
</testng-results>
