<?xml version="1.0" encoding="UTF-8"?>
<testng-results ignored="0" total="8" passed="8" failed="0" skipped="0">
  <reporter-output>
  </reporter-output>
  <suite started-at="2020-10-08T14:41:04 UYT" name="TestSuite" finished-at="2020-10-08T14:41:51 UYT" duration-ms="47096">
    <groups>
    </groups>
    <test started-at="2020-10-08T14:41:04 UYT" name="TestProject" finished-at="2020-10-08T14:41:51 UYT" duration-ms="47096">
      <class name="org.example.LoginPageCases">
        <test-method is-config="true" signature="setUp()[pri:0, instance:org.example.LoginPageCases@533bda92]" started-at="2020-10-08T14:41:04 UYT" name="setUp" finished-at="2020-10-08T14:41:09 UYT" duration-ms="4669" status="PASS">
          <reporter-output>
          </reporter-output>
        </test-method> <!-- setUp -->
        <test-method is-config="true" signature="setUp()[pri:0, instance:org.example.LoginPageCases@533bda92]" started-at="2020-10-08T14:41:04 UYT" name="setUp" finished-at="2020-10-08T14:41:09 UYT" duration-ms="4705" status="PASS">
          <reporter-output>
          </reporter-output>
        </test-method> <!-- setUp -->
        <test-method is-config="true" signature="setUp()[pri:0, instance:org.example.LoginPageCases@533bda92]" started-at="2020-10-08T14:41:04 UYT" name="setUp" finished-at="2020-10-08T14:41:16 UYT" duration-ms="12457" status="PASS">
          <reporter-output>
          </reporter-output>
        </test-method> <!-- setUp -->
        <test-method is-config="true" signature="setUp()[pri:0, instance:org.example.LoginPageCases@533bda92]" started-at="2020-10-08T14:41:04 UYT" name="setUp" finished-at="2020-10-08T14:41:09 UYT" duration-ms="4807" status="PASS">
          <reporter-output>
          </reporter-output>
        </test-method> <!-- setUp -->
        <test-method is-config="true" signature="basePageNavigation()[pri:0, instance:org.example.LoginPageCases@533bda92]" started-at="2020-10-08T14:41:09 UYT" name="basePageNavigation" finished-at="2020-10-08T14:41:11 UYT" duration-ms="2469" status="PASS">
          <reporter-output>
          </reporter-output>
        </test-method> <!-- basePageNavigation -->
        <test-method is-config="true" signature="basePageNavigation()[pri:0, instance:org.example.LoginPageCases@533bda92]" started-at="2020-10-08T14:41:09 UYT" name="basePageNavigation" finished-at="2020-10-08T14:41:11 UYT" duration-ms="2393" status="PASS">
          <reporter-output>
          </reporter-output>
        </test-method> <!-- basePageNavigation -->
        <test-method is-config="true" signature="basePageNavigation()[pri:0, instance:org.example.LoginPageCases@533bda92]" started-at="2020-10-08T14:41:09 UYT" name="basePageNavigation" finished-at="2020-10-08T14:41:11 UYT" duration-ms="2255" status="PASS">
          <reporter-output>
          </reporter-output>
        </test-method> <!-- basePageNavigation -->
        <test-method signature="loginWithInvalidPassword()[pri:0, instance:org.example.LoginPageCases@533bda92]" started-at="2020-10-08T14:41:11 UYT" name="loginWithInvalidPassword" finished-at="2020-10-08T14:41:18 UYT" duration-ms="7423" status="PASS">
          <reporter-output>
          </reporter-output>
        </test-method> <!-- loginWithInvalidPassword -->
        <test-method signature="loginWithoutEmailAndPassword()[pri:0, instance:org.example.LoginPageCases@533bda92]" started-at="2020-10-08T14:41:11 UYT" name="loginWithoutEmailAndPassword" finished-at="2020-10-08T14:41:15 UYT" duration-ms="3696" status="PASS">
          <reporter-output>
          </reporter-output>
        </test-method> <!-- loginWithoutEmailAndPassword -->
        <test-method signature="validateLoginFlow(java.lang.String, java.lang.String)[pri:0, instance:org.example.LoginPageCases@533bda92]" started-at="2020-10-08T14:41:11 UYT" name="validateLoginFlow" data-provider="getData" finished-at="2020-10-08T14:41:18 UYT" duration-ms="6633" status="PASS">
          <params>
            <param index="0">
              <value>
                <![CDATA[erodriguez@effectussoftware.com]]>
              </value>
            </param>
            <param index="1">
              <value>
                <![CDATA[password]]>
              </value>
            </param>
          </params>
          <reporter-output>
          </reporter-output>
        </test-method> <!-- validateLoginFlow -->
        <test-method is-config="true" signature="tearDown()[pri:0, instance:org.example.LoginPageCases@533bda92]" started-at="2020-10-08T14:41:15 UYT" name="tearDown" finished-at="2020-10-08T14:41:15 UYT" duration-ms="115" status="PASS">
          <reporter-output>
          </reporter-output>
        </test-method> <!-- tearDown -->
        <test-method is-config="true" signature="basePageNavigation()[pri:0, instance:org.example.LoginPageCases@533bda92]" started-at="2020-10-08T14:41:16 UYT" name="basePageNavigation" finished-at="2020-10-08T14:41:17 UYT" duration-ms="928" status="PASS">
          <reporter-output>
          </reporter-output>
        </test-method> <!-- basePageNavigation -->
        <test-method signature="loginWithInvalidEmail(java.lang.String, java.lang.String)[pri:0, instance:org.example.LoginPageCases@533bda92]" started-at="2020-10-08T14:41:17 UYT" name="loginWithInvalidEmail" data-provider="getDataInvalidEmail" finished-at="2020-10-08T14:41:24 UYT" duration-ms="7170" status="PASS">
          <params>
            <param index="0">
              <value>
                <![CDATA[erodriguez@@effectussoftware.com]]>
              </value>
            </param>
            <param index="1">
              <value>
                <![CDATA[password]]>
              </value>
            </param>
          </params>
          <reporter-output>
          </reporter-output>
        </test-method> <!-- loginWithInvalidEmail -->
        <test-method is-config="true" signature="tearDown()[pri:0, instance:org.example.LoginPageCases@533bda92]" started-at="2020-10-08T14:41:18 UYT" name="tearDown" finished-at="2020-10-08T14:41:18 UYT" duration-ms="100" status="PASS">
          <reporter-output>
          </reporter-output>
        </test-method> <!-- tearDown -->
        <test-method is-config="true" signature="setUp()[pri:0, instance:org.example.LoginPageCases@533bda92]" started-at="2020-10-08T14:41:18 UYT" name="setUp" finished-at="2020-10-08T14:41:20 UYT" duration-ms="1919" status="PASS">
          <reporter-output>
          </reporter-output>
        </test-method> <!-- setUp -->
        <test-method is-config="true" signature="tearDown()[pri:0, instance:org.example.LoginPageCases@533bda92]" started-at="2020-10-08T14:41:18 UYT" name="tearDown" finished-at="2020-10-08T14:41:19 UYT" duration-ms="209" status="PASS">
          <reporter-output>
          </reporter-output>
        </test-method> <!-- tearDown -->
        <test-method is-config="true" signature="basePageNavigation()[pri:0, instance:org.example.LoginPageCases@533bda92]" started-at="2020-10-08T14:41:20 UYT" name="basePageNavigation" finished-at="2020-10-08T14:41:21 UYT" duration-ms="951" status="PASS">
          <reporter-output>
          </reporter-output>
        </test-method> <!-- basePageNavigation -->
        <test-method signature="validateLoginFlow(java.lang.String, java.lang.String)[pri:0, instance:org.example.LoginPageCases@533bda92]" started-at="2020-10-08T14:41:21 UYT" name="validateLoginFlow" data-provider="getData" finished-at="2020-10-08T14:41:26 UYT" duration-ms="5024" status="PASS">
          <params>
            <param index="0">
              <value>
                <![CDATA[erodriguez+1@effectussoftware.com]]>
              </value>
            </param>
            <param index="1">
              <value>
                <![CDATA[password]]>
              </value>
            </param>
          </params>
          <reporter-output>
          </reporter-output>
        </test-method> <!-- validateLoginFlow -->
        <test-method is-config="true" signature="tearDown()[pri:0, instance:org.example.LoginPageCases@533bda92]" started-at="2020-10-08T14:41:24 UYT" name="tearDown" finished-at="2020-10-08T14:41:24 UYT" duration-ms="85" status="PASS">
          <reporter-output>
          </reporter-output>
        </test-method> <!-- tearDown -->
        <test-method is-config="true" signature="setUp()[pri:0, instance:org.example.LoginPageCases@533bda92]" started-at="2020-10-08T14:41:24 UYT" name="setUp" finished-at="2020-10-08T14:41:26 UYT" duration-ms="1402" status="PASS">
          <reporter-output>
          </reporter-output>
        </test-method> <!-- setUp -->
        <test-method is-config="true" signature="tearDown()[pri:0, instance:org.example.LoginPageCases@533bda92]" started-at="2020-10-08T14:41:26 UYT" name="tearDown" finished-at="2020-10-08T14:41:26 UYT" duration-ms="120" status="PASS">
          <reporter-output>
          </reporter-output>
        </test-method> <!-- tearDown -->
        <test-method is-config="true" signature="basePageNavigation()[pri:0, instance:org.example.LoginPageCases@533bda92]" started-at="2020-10-08T14:41:26 UYT" name="basePageNavigation" finished-at="2020-10-08T14:41:27 UYT" duration-ms="1037" status="PASS">
          <reporter-output>
          </reporter-output>
        </test-method> <!-- basePageNavigation -->
        <test-method signature="loginWithInvalidEmail(java.lang.String, java.lang.String)[pri:0, instance:org.example.LoginPageCases@533bda92]" started-at="2020-10-08T14:41:27 UYT" name="loginWithInvalidEmail" data-provider="getDataInvalidEmail" finished-at="2020-10-08T14:41:33 UYT" duration-ms="6274" status="PASS">
          <params>
            <param index="0">
              <value>
                <![CDATA[erodriguez@effectussoftware..com]]>
              </value>
            </param>
            <param index="1">
              <value>
                <![CDATA[password]]>
              </value>
            </param>
          </params>
          <reporter-output>
          </reporter-output>
        </test-method> <!-- loginWithInvalidEmail -->
        <test-method is-config="true" signature="tearDown()[pri:0, instance:org.example.LoginPageCases@533bda92]" started-at="2020-10-08T14:41:33 UYT" name="tearDown" finished-at="2020-10-08T14:41:33 UYT" duration-ms="95" status="PASS">
          <reporter-output>
          </reporter-output>
        </test-method> <!-- tearDown -->
        <test-method is-config="true" signature="setUp()[pri:0, instance:org.example.LoginPageCases@533bda92]" started-at="2020-10-08T14:41:33 UYT" name="setUp" finished-at="2020-10-08T14:41:35 UYT" duration-ms="1540" status="PASS">
          <reporter-output>
          </reporter-output>
        </test-method> <!-- setUp -->
        <test-method is-config="true" signature="basePageNavigation()[pri:0, instance:org.example.LoginPageCases@533bda92]" started-at="2020-10-08T14:41:35 UYT" name="basePageNavigation" finished-at="2020-10-08T14:41:36 UYT" duration-ms="1188" status="PASS">
          <reporter-output>
          </reporter-output>
        </test-method> <!-- basePageNavigation -->
        <test-method signature="loginWithInvalidEmail(java.lang.String, java.lang.String)[pri:0, instance:org.example.LoginPageCases@533bda92]" started-at="2020-10-08T14:41:36 UYT" name="loginWithInvalidEmail" data-provider="getDataInvalidEmail" finished-at="2020-10-08T14:41:42 UYT" duration-ms="6215" status="PASS">
          <params>
            <param index="0">
              <value>
                <![CDATA[erodriguez@effectussoftware..c]]>
              </value>
            </param>
            <param index="1">
              <value>
                <![CDATA[password]]>
              </value>
            </param>
          </params>
          <reporter-output>
          </reporter-output>
        </test-method> <!-- loginWithInvalidEmail -->
        <test-method is-config="true" signature="tearDown()[pri:0, instance:org.example.LoginPageCases@533bda92]" started-at="2020-10-08T14:41:42 UYT" name="tearDown" finished-at="2020-10-08T14:41:42 UYT" duration-ms="108" status="PASS">
          <reporter-output>
          </reporter-output>
        </test-method> <!-- tearDown -->
        <test-method is-config="true" signature="setUp()[pri:0, instance:org.example.LoginPageCases@533bda92]" started-at="2020-10-08T14:41:42 UYT" name="setUp" finished-at="2020-10-08T14:41:44 UYT" duration-ms="1388" status="PASS">
          <reporter-output>
          </reporter-output>
        </test-method> <!-- setUp -->
        <test-method is-config="true" signature="basePageNavigation()[pri:0, instance:org.example.LoginPageCases@533bda92]" started-at="2020-10-08T14:41:44 UYT" name="basePageNavigation" finished-at="2020-10-08T14:41:45 UYT" duration-ms="918" status="PASS">
          <reporter-output>
          </reporter-output>
        </test-method> <!-- basePageNavigation -->
        <test-method signature="loginWithInvalidEmail(java.lang.String, java.lang.String)[pri:0, instance:org.example.LoginPageCases@533bda92]" started-at="2020-10-08T14:41:45 UYT" name="loginWithInvalidEmail" data-provider="getDataInvalidEmail" finished-at="2020-10-08T14:41:51 UYT" duration-ms="6141" status="PASS">
          <params>
            <param index="0">
              <value>
                <![CDATA[erodriguez#effectussoftware..com]]>
              </value>
            </param>
            <param index="1">
              <value>
                <![CDATA[password]]>
              </value>
            </param>
          </params>
          <reporter-output>
          </reporter-output>
        </test-method> <!-- loginWithInvalidEmail -->
        <test-method is-config="true" signature="tearDown()[pri:0, instance:org.example.LoginPageCases@533bda92]" started-at="2020-10-08T14:41:51 UYT" name="tearDown" finished-at="2020-10-08T14:41:51 UYT" duration-ms="91" status="PASS">
          <reporter-output>
          </reporter-output>
        </test-method> <!-- tearDown -->
      </class> <!-- org.example.LoginPageCases -->
    </test> <!-- TestProject -->
  </suite> <!-- TestSuite -->
</testng-results>
