<?xml version="1.0" encoding="UTF-8"?>
<testsuite xmlns:xsi="http://www.w3.org/2001/XMLSchema-instance" xsi:noNamespaceSchemaLocation="https://maven.apache.org/surefire/maven-surefire-plugin/xsd/surefire-test-report.xsd" name="TestSuite" time="17.238" tests="2" errors="0" skipped="0" failures="1">
  <properties>
[...]
</properties>
  <testcase name="loginWithoutEmailAndPassword" classname="org.example.LoginPageTestCases" time="9.203"/>
  <testcase name="loginWithInvalidPassword" classname="org.example.LoginPageTestCases" time="9.984">
    <failure message="no such element: Unable to locate element: {&quot;method&quot;:&quot;xpath&quot;,&quot;selector&quot;:&quot;//label[contains(text(),&apos;Credenciales invalidas&apos;)]&quot;}&#10;  (Session info: chrome=85.0.4183.121)&#10;For documentation on this error, please visit: https://selenium.dev/exceptions/#no_such_element&#10;Build info: version: &apos;4.0.0-alpha-6&apos;, revision: &apos;5f43a29cfc&apos;&#10;System info: host: &apos;Emilianos-Mini.localdomain&apos;, ip: &apos;192.168.1.37&apos;, os.name: &apos;Mac OS X&apos;, os.arch: &apos;x86_64&apos;, os.version: &apos;10.15.7&apos;, java.version: &apos;11.0.7&apos;&#10;Driver info: org.openqa.selenium.chrome.ChromeDriver&#10;Capabilities {acceptInsecureCerts: false, browserName: chrome, browserVersion: 85.0.4183.121, chrome: {chromedriverVersion: 85.0.4183.87 (cd6713ebf92fa..., userDataDir: /var/folders/0m/gb7z83vd0cj...}, goog:chromeOptions: {debuggerAddress: localhost:54140}, javascriptEnabled: true, networkConnectionEnabled: false, pageLoadStrategy: normal, platform: MAC, platformName: MAC, proxy: Proxy(), setWindowRect: true, strictFileInteractability: false, timeouts: {implicit: 0, pageLoad: 300000, script: 30000}, unhandledPromptBehavior: dismiss and notify, webauthn:virtualAuthenticators: true}&#10;Session ID: 492bbed23253f6c2add9322fa3afaa66&#10;*** Element info: {Using=xpath, value=//label[contains(text(),&apos;Credenciales invalidas&apos;)]}" type="org.openqa.selenium.NoSuchElementException">org.openqa.selenium.NoSuchElementException: 
no such element: Unable to locate element: {"method":"xpath","selector":"//label[contains(text(),'Credenciales invalidas')]"}
  (Session info: chrome=85.0.4183.121)
For documentation on this error, please visit: https://selenium.dev/exceptions/#no_such_element
Build info: version: '4.0.0-alpha-6', revision: '5f43a29cfc'
System info: host: 'Emilianos-Mini.localdomain', ip: '192.168.1.37', os.name: 'Mac OS X', os.arch: 'x86_64', os.version: '10.15.7', java.version: '11.0.7'
Driver info: org.openqa.selenium.chrome.ChromeDriver
Capabilities {acceptInsecureCerts: false, browserName: chrome, browserVersion: 85.0.4183.121, chrome: {chromedriverVersion: 85.0.4183.87 (cd6713ebf92fa..., userDataDir: /var/folders/0m/gb7z83vd0cj...}, goog:chromeOptions: {debuggerAddress: localhost:54140}, javascriptEnabled: true, networkConnectionEnabled: false, pageLoadStrategy: normal, platform: MAC, platformName: MAC, proxy: Proxy(), setWindowRect: true, strictFileInteractability: false, timeouts: {implicit: 0, pageLoad: 300000, script: 30000}, unhandledPromptBehavior: dismiss and notify, webauthn:virtualAuthenticators: true}
Session ID: 492bbed23253f6c2add9322fa3afaa66
*** Element info: {Using=xpath, value=//label[contains(text(),'Credenciales invalidas')]}
	at org.example.LoginPageTestCases.loginWithInvalidPassword(LoginPageTestCases.java:19)
</failure>
    <system-out><![CDATA[**************
Screenshot stored at: /Users/emilianorodriguez/Desktop/AskmeAutomation/screenshots/loginWithInvalidPassword-Wed_Oct_07_19_50_36_UYT_2020.png
**************
]]></system-out>
  </testcase>
</testsuite>